<?xml version="1.0" encoding="UTF-8"?>
<!-- Generated by org.testng.reporters.JUnitReportReporter -->
<testsuite hostname="YaserM-Mhaidat" failures="0" tests="3" name="HTML" time="7.266" errors="0" timestamp="2023-01-17T09:15:12 AST" skipped="0">
  <testcase classname="HTML" name="Sort_items_low_to_high" time="3.933"/>
  <system-out/>
  <testcase classname="HTML" name="sort_items_high_to_low" time="3.329"/>
  <system-out/>
  <testcase classname="HTML" name="check_add_to_cart_process" time="0.004"/>
  <system-out/>
</testsuite> <!-- HTML -->
